[1.349s] DEBUG:colcon:Command line arguments: ['/usr/bin/colcon', 'build']
[1.349s] DEBUG:colcon:Parsed command line arguments: Namespace(log_base=None, log_level=None, verb_name='build', build_base='build', install_base='install', merge_install=False, symlink_install=False, test_result_base=None, continue_on_error=False, executor='parallel', parallel_workers=4, event_handlers=None, ignore_user_meta=False, metas=['./colcon.meta'], base_paths=['.'], packages_ignore=None, packages_ignore_regex=None, paths=None, packages_up_to=None, packages_up_to_regex=None, packages_above=None, packages_above_and_dependencies=None, packages_above_depth=None, packages_select_by_dep=None, packages_skip_by_dep=None, packages_skip_up_to=None, packages_select_build_failed=False, packages_skip_build_finished=False, packages_select_test_failures=False, packages_skip_test_passed=False, packages_select=None, packages_skip=None, packages_select_regex=None, packages_skip_regex=None, packages_start=None, packages_end=None, allow_overriding=[], cmake_args=None, cmake_target=None, cmake_target_skip_unavailable=False, cmake_clean_cache=False, cmake_clean_first=False, cmake_force_configure=False, ament_cmake_args=None, catkin_cmake_args=None, catkin_skip_building_tests=False, verb_parser=<colcon_defaults.argument_parser.defaults.DefaultArgumentsDecorator object at 0x7feec8ccba90>, verb_extension=<colcon_core.verb.build.BuildVerb object at 0x7feec8ccb880>, main=<bound method BuildVerb.main of <colcon_core.verb.build.BuildVerb object at 0x7feec8ccb880>>)
[1.412s] Level 1:colcon.colcon_core.package_discovery:discover_packages(colcon_meta) check parameters
[1.412s] Level 1:colcon.colcon_core.package_discovery:discover_packages(recursive) check parameters
[1.412s] Level 1:colcon.colcon_core.package_discovery:discover_packages(ignore) check parameters
[1.412s] Level 1:colcon.colcon_core.package_discovery:discover_packages(path) check parameters
[1.412s] Level 1:colcon.colcon_core.package_discovery:discover_packages(colcon_meta) discover
[1.412s] Level 1:colcon.colcon_core.package_discovery:discover_packages(recursive) discover
[1.412s] INFO:colcon.colcon_core.package_discovery:Crawling recursively for packages in '/home/shabana/ros2_ws/src/basic_mobile_robot'
[1.413s] Level 1:colcon.colcon_core.package_identification:_identify(.) by extensions ['ignore', 'ignore_ament_install']
[1.413s] Level 1:colcon.colcon_core.package_identification:_identify(.) by extension 'ignore'
[1.413s] Level 1:colcon.colcon_core.package_identification:_identify(.) by extension 'ignore_ament_install'
[1.413s] Level 1:colcon.colcon_core.package_identification:_identify(.) by extensions ['colcon_pkg']
[1.413s] Level 1:colcon.colcon_core.package_identification:_identify(.) by extension 'colcon_pkg'
[1.413s] Level 1:colcon.colcon_core.package_identification:_identify(.) by extensions ['colcon_meta']
[1.413s] Level 1:colcon.colcon_core.package_identification:_identify(.) by extension 'colcon_meta'
[1.413s] Level 1:colcon.colcon_core.package_identification:_identify(.) by extensions ['ros']
[1.413s] Level 1:colcon.colcon_core.package_identification:_identify(.) by extension 'ros'
[1.430s] DEBUG:colcon.colcon_core.package_identification:Package '.' with type 'ros.ament_cmake' and name 'basic_mobile_robot'
[1.430s] Level 1:colcon.colcon_core.package_discovery:discover_packages(recursive) using defaults
[1.430s] Level 1:colcon.colcon_core.package_discovery:discover_packages(ignore) discover
[1.430s] Level 1:colcon.colcon_core.package_discovery:discover_packages(ignore) using defaults
[1.430s] Level 1:colcon.colcon_core.package_discovery:discover_packages(path) discover
[1.430s] Level 1:colcon.colcon_core.package_discovery:discover_packages(path) using defaults
[1.554s] Level 1:colcon.colcon_core.package_discovery:discover_packages(prefix_path) check parameters
[1.554s] Level 1:colcon.colcon_core.package_discovery:discover_packages(prefix_path) discover
[1.595s] DEBUG:colcon.colcon_installed_package_information.package_discovery:Found 421 installed packages in /opt/ros/humble
[1.598s] Level 1:colcon.colcon_core.package_discovery:discover_packages(prefix_path) using defaults
[1.758s] Level 5:colcon.colcon_core.verb:set package 'basic_mobile_robot' build argument 'cmake_args' from command line to 'None'
[1.758s] Level 5:colcon.colcon_core.verb:set package 'basic_mobile_robot' build argument 'cmake_target' from command line to 'None'
[1.758s] Level 5:colcon.colcon_core.verb:set package 'basic_mobile_robot' build argument 'cmake_target_skip_unavailable' from command line to 'False'
[1.758s] Level 5:colcon.colcon_core.verb:set package 'basic_mobile_robot' build argument 'cmake_clean_cache' from command line to 'False'
[1.758s] Level 5:colcon.colcon_core.verb:set package 'basic_mobile_robot' build argument 'cmake_clean_first' from command line to 'False'
[1.758s] Level 5:colcon.colcon_core.verb:set package 'basic_mobile_robot' build argument 'cmake_force_configure' from command line to 'False'
[1.758s] Level 5:colcon.colcon_core.verb:set package 'basic_mobile_robot' build argument 'ament_cmake_args' from command line to 'None'
[1.758s] Level 5:colcon.colcon_core.verb:set package 'basic_mobile_robot' build argument 'catkin_cmake_args' from command line to 'None'
[1.758s] Level 5:colcon.colcon_core.verb:set package 'basic_mobile_robot' build argument 'catkin_skip_building_tests' from command line to 'False'
[1.758s] DEBUG:colcon.colcon_core.verb:Building package 'basic_mobile_robot' with the following arguments: {'ament_cmake_args': None, 'build_base': '/home/shabana/ros2_ws/src/basic_mobile_robot/build/basic_mobile_robot', 'catkin_cmake_args': None, 'catkin_skip_building_tests': False, 'cmake_args': None, 'cmake_clean_cache': False, 'cmake_clean_first': False, 'cmake_force_configure': False, 'cmake_target': None, 'cmake_target_skip_unavailable': False, 'install_base': '/home/shabana/ros2_ws/src/basic_mobile_robot/install/basic_mobile_robot', 'merge_install': False, 'path': '/home/shabana/ros2_ws/src/basic_mobile_robot', 'symlink_install': False, 'test_result_base': None}
[1.778s] INFO:colcon.colcon_core.executor:Executing jobs using 'parallel' executor
[1.799s] DEBUG:colcon.colcon_parallel_executor.executor.parallel:run_until_complete
[1.799s] INFO:colcon.colcon_ros.task.ament_cmake.build:Building ROS package in '/home/shabana/ros2_ws/src/basic_mobile_robot' with build type 'ament_cmake'
[1.799s] INFO:colcon.colcon_cmake.task.cmake.build:Building CMake package in '/home/shabana/ros2_ws/src/basic_mobile_robot'
[1.823s] INFO:colcon.colcon_core.plugin_system:Skipping extension 'colcon_core.shell.bat': Not used on non-Windows systems
[1.823s] INFO:colcon.colcon_core.shell:Skip shell extension 'powershell' for command environment: Not usable outside of PowerShell
[1.823s] DEBUG:colcon.colcon_core.shell:Skip shell extension 'dsv' for command environment
[1.876s] DEBUG:colcon.colcon_core.event_handler.log_command:Invoking command in '/home/shabana/ros2_ws/src/basic_mobile_robot/build/basic_mobile_robot': CMAKE_PREFIX_PATH=/opt/ros/humble /usr/bin/cmake /home/shabana/ros2_ws/src/basic_mobile_robot -DCMAKE_INSTALL_PREFIX=/home/shabana/ros2_ws/src/basic_mobile_robot/install/basic_mobile_robot
[3.148s] DEBUG:colcon.colcon_core.event_handler.log_command:Invoked command in '/home/shabana/ros2_ws/src/basic_mobile_robot/build/basic_mobile_robot' returned '0': CMAKE_PREFIX_PATH=/opt/ros/humble /usr/bin/cmake /home/shabana/ros2_ws/src/basic_mobile_robot -DCMAKE_INSTALL_PREFIX=/home/shabana/ros2_ws/src/basic_mobile_robot/install/basic_mobile_robot
[3.149s] DEBUG:colcon.colcon_core.event_handler.log_command:Invoking command in '/home/shabana/ros2_ws/src/basic_mobile_robot/build/basic_mobile_robot': CMAKE_PREFIX_PATH=/opt/ros/humble /usr/bin/cmake --build /home/shabana/ros2_ws/src/basic_mobile_robot/build/basic_mobile_robot -- -j4 -l4
[3.203s] DEBUG:colcon.colcon_core.event_handler.log_command:Invoked command in '/home/shabana/ros2_ws/src/basic_mobile_robot/build/basic_mobile_robot' returned '0': CMAKE_PREFIX_PATH=/opt/ros/humble /usr/bin/cmake --build /home/shabana/ros2_ws/src/basic_mobile_robot/build/basic_mobile_robot -- -j4 -l4
[3.250s] DEBUG:colcon.colcon_core.event_handler.log_command:Invoking command in '/home/shabana/ros2_ws/src/basic_mobile_robot/build/basic_mobile_robot': CMAKE_PREFIX_PATH=/opt/ros/humble /usr/bin/cmake --install /home/shabana/ros2_ws/src/basic_mobile_robot/build/basic_mobile_robot
[3.267s] Level 1:colcon.colcon_core.environment:create_environment_scripts_only(basic_mobile_robot)
[3.268s] DEBUG:colcon.colcon_core.event_handler.log_command:Invoked command in '/home/shabana/ros2_ws/src/basic_mobile_robot/build/basic_mobile_robot' returned '0': CMAKE_PREFIX_PATH=/opt/ros/humble /usr/bin/cmake --install /home/shabana/ros2_ws/src/basic_mobile_robot/build/basic_mobile_robot
[3.294s] Level 1:colcon.colcon_core.environment:checking '/home/shabana/ros2_ws/src/basic_mobile_robot/install/basic_mobile_robot' for CMake module files
[3.295s] Level 1:colcon.colcon_core.environment:checking '/home/shabana/ros2_ws/src/basic_mobile_robot/install/basic_mobile_robot' for CMake config files
[3.295s] Level 1:colcon.colcon_core.shell:create_environment_hook('basic_mobile_robot', 'cmake_prefix_path')
[3.317s] INFO:colcon.colcon_core.shell:Creating environment hook '/home/shabana/ros2_ws/src/basic_mobile_robot/install/basic_mobile_robot/share/basic_mobile_robot/hook/cmake_prefix_path.ps1'
[3.317s] INFO:colcon.colcon_core.shell:Creating environment descriptor '/home/shabana/ros2_ws/src/basic_mobile_robot/install/basic_mobile_robot/share/basic_mobile_robot/hook/cmake_prefix_path.dsv'
[3.318s] INFO:colcon.colcon_core.shell:Creating environment hook '/home/shabana/ros2_ws/src/basic_mobile_robot/install/basic_mobile_robot/share/basic_mobile_robot/hook/cmake_prefix_path.sh'
[3.319s] Level 1:colcon.colcon_core.environment:checking '/home/shabana/ros2_ws/src/basic_mobile_robot/install/basic_mobile_robot/bin'
[3.319s] Level 1:colcon.colcon_core.environment:checking '/home/shabana/ros2_ws/src/basic_mobile_robot/install/basic_mobile_robot/lib/pkgconfig/basic_mobile_robot.pc'
[3.319s] Level 1:colcon.colcon_core.environment:checking '/home/shabana/ros2_ws/src/basic_mobile_robot/install/basic_mobile_robot/lib/python3.10/site-packages'
[3.320s] Level 1:colcon.colcon_core.environment:checking '/home/shabana/ros2_ws/src/basic_mobile_robot/install/basic_mobile_robot/bin'
[3.340s] INFO:colcon.colcon_core.shell:Creating package script '/home/shabana/ros2_ws/src/basic_mobile_robot/install/basic_mobile_robot/share/basic_mobile_robot/package.ps1'
[3.341s] INFO:colcon.colcon_core.shell:Creating package descriptor '/home/shabana/ros2_ws/src/basic_mobile_robot/install/basic_mobile_robot/share/basic_mobile_robot/package.dsv'
[3.342s] INFO:colcon.colcon_core.shell:Creating package script '/home/shabana/ros2_ws/src/basic_mobile_robot/install/basic_mobile_robot/share/basic_mobile_robot/package.sh'
[3.343s] INFO:colcon.colcon_core.shell:Creating package script '/home/shabana/ros2_ws/src/basic_mobile_robot/install/basic_mobile_robot/share/basic_mobile_robot/package.bash'
[3.344s] INFO:colcon.colcon_core.shell:Creating package script '/home/shabana/ros2_ws/src/basic_mobile_robot/install/basic_mobile_robot/share/basic_mobile_robot/package.zsh'
[3.344s] Level 1:colcon.colcon_core.environment:create_file_with_runtime_dependencies(/home/shabana/ros2_ws/src/basic_mobile_robot/install/basic_mobile_robot/share/colcon-core/packages/basic_mobile_robot)
[3.399s] Level 1:colcon.colcon_core.environment:create_environment_scripts_only(basic_mobile_robot)
[3.420s] Level 1:colcon.colcon_core.environment:checking '/home/shabana/ros2_ws/src/basic_mobile_robot/install/basic_mobile_robot' for CMake module files
[3.421s] Level 1:colcon.colcon_core.environment:checking '/home/shabana/ros2_ws/src/basic_mobile_robot/install/basic_mobile_robot' for CMake config files
[3.421s] Level 1:colcon.colcon_core.shell:create_environment_hook('basic_mobile_robot', 'cmake_prefix_path')
[3.442s] INFO:colcon.colcon_core.shell:Creating environment hook '/home/shabana/ros2_ws/src/basic_mobile_robot/install/basic_mobile_robot/share/basic_mobile_robot/hook/cmake_prefix_path.ps1'
[3.442s] INFO:colcon.colcon_core.shell:Creating environment descriptor '/home/shabana/ros2_ws/src/basic_mobile_robot/install/basic_mobile_robot/share/basic_mobile_robot/hook/cmake_prefix_path.dsv'
[3.443s] INFO:colcon.colcon_core.shell:Creating environment hook '/home/shabana/ros2_ws/src/basic_mobile_robot/install/basic_mobile_robot/share/basic_mobile_robot/hook/cmake_prefix_path.sh'
[3.443s] Level 1:colcon.colcon_core.environment:checking '/home/shabana/ros2_ws/src/basic_mobile_robot/install/basic_mobile_robot/bin'
[3.443s] Level 1:colcon.colcon_core.environment:checking '/home/shabana/ros2_ws/src/basic_mobile_robot/install/basic_mobile_robot/lib/pkgconfig/basic_mobile_robot.pc'
[3.444s] Level 1:colcon.colcon_core.environment:checking '/home/shabana/ros2_ws/src/basic_mobile_robot/install/basic_mobile_robot/lib/python3.10/site-packages'
[3.444s] Level 1:colcon.colcon_core.environment:checking '/home/shabana/ros2_ws/src/basic_mobile_robot/install/basic_mobile_robot/bin'
[3.465s] INFO:colcon.colcon_core.shell:Creating package script '/home/shabana/ros2_ws/src/basic_mobile_robot/install/basic_mobile_robot/share/basic_mobile_robot/package.ps1'
[3.466s] INFO:colcon.colcon_core.shell:Creating package descriptor '/home/shabana/ros2_ws/src/basic_mobile_robot/install/basic_mobile_robot/share/basic_mobile_robot/package.dsv'
[3.466s] INFO:colcon.colcon_core.shell:Creating package script '/home/shabana/ros2_ws/src/basic_mobile_robot/install/basic_mobile_robot/share/basic_mobile_robot/package.sh'
[3.467s] INFO:colcon.colcon_core.shell:Creating package script '/home/shabana/ros2_ws/src/basic_mobile_robot/install/basic_mobile_robot/share/basic_mobile_robot/package.bash'
[3.467s] INFO:colcon.colcon_core.shell:Creating package script '/home/shabana/ros2_ws/src/basic_mobile_robot/install/basic_mobile_robot/share/basic_mobile_robot/package.zsh'
[3.468s] Level 1:colcon.colcon_core.environment:create_file_with_runtime_dependencies(/home/shabana/ros2_ws/src/basic_mobile_robot/install/basic_mobile_robot/share/colcon-core/packages/basic_mobile_robot)
[3.468s] DEBUG:colcon.colcon_parallel_executor.executor.parallel:closing loop
[3.469s] DEBUG:colcon.colcon_parallel_executor.executor.parallel:loop closed
[3.469s] DEBUG:colcon.colcon_parallel_executor.executor.parallel:run_until_complete finished with '0'
[3.469s] DEBUG:colcon.colcon_core.event_reactor:joining thread
[3.498s] INFO:colcon.colcon_core.plugin_system:Skipping extension 'colcon_notification.desktop_notification.terminal_notifier': Not used on non-Darwin systems
[3.498s] INFO:colcon.colcon_core.plugin_system:Skipping extension 'colcon_notification.desktop_notification.win32': Not used on non-Windows systems
[3.498s] INFO:colcon.colcon_notification.desktop_notification:Sending desktop notification using 'notify2'
[3.512s] DEBUG:colcon.colcon_core.event_reactor:joined thread
[3.535s] INFO:colcon.colcon_core.shell:Creating prefix script '/home/shabana/ros2_ws/src/basic_mobile_robot/install/local_setup.ps1'
[3.536s] INFO:colcon.colcon_core.shell:Creating prefix util module '/home/shabana/ros2_ws/src/basic_mobile_robot/install/_local_setup_util_ps1.py'
[3.538s] INFO:colcon.colcon_core.shell:Creating prefix chain script '/home/shabana/ros2_ws/src/basic_mobile_robot/install/setup.ps1'
[3.560s] INFO:colcon.colcon_core.shell:Creating prefix script '/home/shabana/ros2_ws/src/basic_mobile_robot/install/local_setup.sh'
[3.561s] INFO:colcon.colcon_core.shell:Creating prefix util module '/home/shabana/ros2_ws/src/basic_mobile_robot/install/_local_setup_util_sh.py'
[3.561s] INFO:colcon.colcon_core.shell:Creating prefix chain script '/home/shabana/ros2_ws/src/basic_mobile_robot/install/setup.sh'
[3.586s] INFO:colcon.colcon_core.shell:Creating prefix script '/home/shabana/ros2_ws/src/basic_mobile_robot/install/local_setup.bash'
[3.587s] INFO:colcon.colcon_core.shell:Creating prefix chain script '/home/shabana/ros2_ws/src/basic_mobile_robot/install/setup.bash'
[3.611s] INFO:colcon.colcon_core.shell:Creating prefix script '/home/shabana/ros2_ws/src/basic_mobile_robot/install/local_setup.zsh'
[3.611s] INFO:colcon.colcon_core.shell:Creating prefix chain script '/home/shabana/ros2_ws/src/basic_mobile_robot/install/setup.zsh'
