[0.075s] Invoking command in '/home/shabana/ros2_ws/src/basic_mobile_robot/build/basic_mobile_robot': CMAKE_PREFIX_PATH=/opt/ros/humble /usr/bin/cmake /home/shabana/ros2_ws/src/basic_mobile_robot -DCMAKE_INSTALL_PREFIX=/home/shabana/ros2_ws/src/basic_mobile_robot/install/basic_mobile_robot
[0.494s] -- The C compiler identification is GNU 11.4.0
[0.595s] -- The CXX compiler identification is GNU 11.4.0
[0.604s] -- Detecting C compiler ABI info
[0.700s] -- Detecting C compiler ABI info - done
[0.710s] -- Check for working C compiler: /usr/bin/cc - skipped
[0.710s] -- Detecting C compile features
[0.710s] -- Detecting C compile features - done
[0.715s] -- Detecting CXX compiler ABI info
[0.836s] -- Detecting CXX compiler ABI info - done
[0.847s] -- Check for working CXX compiler: /usr/bin/c++ - skipped
[0.848s] -- Detecting CXX compile features
[0.848s] -- Detecting CXX compile features - done
[0.853s] -- Found ament_cmake: 1.3.7 (/opt/ros/humble/share/ament_cmake/cmake)
[1.078s] -- Found Python3: /usr/bin/python3.10 (found version "3.10.12") found components: Interpreter 
[1.199s] -- Found ament_lint_auto: 0.12.10 (/opt/ros/humble/share/ament_lint_auto/cmake)
[1.316s] -- Added test 'cppcheck' to perform static code analysis on C / C++ code
[1.316s] -- Configured cppcheck include dirs: 
[1.316s] -- Configured cppcheck exclude dirs and/or files: 
[1.321s] -- Added test 'lint_cmake' to check CMake code style
[1.331s] -- Added test 'uncrustify' to check C / C++ code style
[1.331s] -- Configured uncrustify additional arguments: 
[1.333s] -- Added test 'xmllint' to check XML markup files
[1.335s] -- Configuring done
[1.339s] -- Generating done
[1.340s] -- Build files have been written to: /home/shabana/ros2_ws/src/basic_mobile_robot/build/basic_mobile_robot
[1.348s] Invoked command in '/home/shabana/ros2_ws/src/basic_mobile_robot/build/basic_mobile_robot' returned '0': CMAKE_PREFIX_PATH=/opt/ros/humble /usr/bin/cmake /home/shabana/ros2_ws/src/basic_mobile_robot -DCMAKE_INSTALL_PREFIX=/home/shabana/ros2_ws/src/basic_mobile_robot/install/basic_mobile_robot
[1.349s] Invoking command in '/home/shabana/ros2_ws/src/basic_mobile_robot/build/basic_mobile_robot': CMAKE_PREFIX_PATH=/opt/ros/humble /usr/bin/cmake --build /home/shabana/ros2_ws/src/basic_mobile_robot/build/basic_mobile_robot -- -j4 -l4
[1.403s] Invoked command in '/home/shabana/ros2_ws/src/basic_mobile_robot/build/basic_mobile_robot' returned '0': CMAKE_PREFIX_PATH=/opt/ros/humble /usr/bin/cmake --build /home/shabana/ros2_ws/src/basic_mobile_robot/build/basic_mobile_robot -- -j4 -l4
[1.450s] Invoking command in '/home/shabana/ros2_ws/src/basic_mobile_robot/build/basic_mobile_robot': CMAKE_PREFIX_PATH=/opt/ros/humble /usr/bin/cmake --install /home/shabana/ros2_ws/src/basic_mobile_robot/build/basic_mobile_robot
[1.461s] -- Install configuration: ""
[1.462s] -- Installing: /home/shabana/ros2_ws/src/basic_mobile_robot/install/basic_mobile_robot/share/ament_index/resource_index/package_run_dependencies/basic_mobile_robot
[1.462s] -- Installing: /home/shabana/ros2_ws/src/basic_mobile_robot/install/basic_mobile_robot/share/ament_index/resource_index/parent_prefix_path/basic_mobile_robot
[1.462s] -- Installing: /home/shabana/ros2_ws/src/basic_mobile_robot/install/basic_mobile_robot/share/basic_mobile_robot/environment/ament_prefix_path.sh
[1.463s] -- Installing: /home/shabana/ros2_ws/src/basic_mobile_robot/install/basic_mobile_robot/share/basic_mobile_robot/environment/ament_prefix_path.dsv
[1.463s] -- Installing: /home/shabana/ros2_ws/src/basic_mobile_robot/install/basic_mobile_robot/share/basic_mobile_robot/environment/path.sh
[1.463s] -- Installing: /home/shabana/ros2_ws/src/basic_mobile_robot/install/basic_mobile_robot/share/basic_mobile_robot/environment/path.dsv
[1.463s] -- Installing: /home/shabana/ros2_ws/src/basic_mobile_robot/install/basic_mobile_robot/share/basic_mobile_robot/local_setup.bash
[1.463s] -- Installing: /home/shabana/ros2_ws/src/basic_mobile_robot/install/basic_mobile_robot/share/basic_mobile_robot/local_setup.sh
[1.464s] -- Installing: /home/shabana/ros2_ws/src/basic_mobile_robot/install/basic_mobile_robot/share/basic_mobile_robot/local_setup.zsh
[1.464s] -- Installing: /home/shabana/ros2_ws/src/basic_mobile_robot/install/basic_mobile_robot/share/basic_mobile_robot/local_setup.dsv
[1.464s] -- Installing: /home/shabana/ros2_ws/src/basic_mobile_robot/install/basic_mobile_robot/share/basic_mobile_robot/package.dsv
[1.464s] -- Installing: /home/shabana/ros2_ws/src/basic_mobile_robot/install/basic_mobile_robot/share/ament_index/resource_index/packages/basic_mobile_robot
[1.465s] -- Installing: /home/shabana/ros2_ws/src/basic_mobile_robot/install/basic_mobile_robot/share/basic_mobile_robot/cmake/basic_mobile_robotConfig.cmake
[1.465s] -- Installing: /home/shabana/ros2_ws/src/basic_mobile_robot/install/basic_mobile_robot/share/basic_mobile_robot/cmake/basic_mobile_robotConfig-version.cmake
[1.465s] -- Installing: /home/shabana/ros2_ws/src/basic_mobile_robot/install/basic_mobile_robot/share/basic_mobile_robot/package.xml
[1.468s] Invoked command in '/home/shabana/ros2_ws/src/basic_mobile_robot/build/basic_mobile_robot' returned '0': CMAKE_PREFIX_PATH=/opt/ros/humble /usr/bin/cmake --install /home/shabana/ros2_ws/src/basic_mobile_robot/build/basic_mobile_robot
